Copyright 1986-2021 Xilinx, Inc. All Rights Reserved.
-----------------------------------------------------------------------------------------------------------------------------------------------------------------------------------------------------------
| Tool Version : Vivado v.2021.1 (lin64) Build 3247384 Thu Jun 10 19:36:07 MDT 2021
| Date         : Thu Sep 23 11:35:04 2021
| Host         : UBMP running 64-bit Ubuntu 20.04.3 LTS
| Command      : report_timing_summary -max_paths 10 -file ClockDivider_timing_summary_routed.rpt -pb ClockDivider_timing_summary_routed.pb -rpx ClockDivider_timing_summary_routed.rpx -warn_on_violation
| Design       : ClockDivider
| Device       : 7a35t-cpg236
| Speed File   : -1  PRODUCTION 1.23 2018-06-13
-----------------------------------------------------------------------------------------------------------------------------------------------------------------------------------------------------------

Timing Summary Report

------------------------------------------------------------------------------------------------
| Timer Settings
| --------------
------------------------------------------------------------------------------------------------

  Enable Multi Corner Analysis               :  Yes
  Enable Pessimism Removal                   :  Yes
  Pessimism Removal Resolution               :  Nearest Common Node
  Enable Input Delay Default Clock           :  No
  Enable Preset / Clear Arcs                 :  No
  Disable Flight Delays                      :  No
  Ignore I/O Paths                           :  No
  Timing Early Launch at Borrowing Latches   :  No
  Borrow Time for Max Delay Exceptions       :  Yes
  Merge Timing Exceptions                    :  Yes

  Corner  Analyze    Analyze    
  Name    Max Paths  Min Paths  
  ------  ---------  ---------  
  Slow    Yes        Yes        
  Fast    Yes        Yes        


------------------------------------------------------------------------------------------------
| Report Methodology
| ------------------
------------------------------------------------------------------------------------------------

Rule       Severity  Description                    Violations  
---------  --------  -----------------------------  ----------  
TIMING-18  Warning   Missing input or output delay  1           

Note: This report is based on the most recent report_methodology run and may not be up-to-date. Run report_methodology on the current design for the latest report.



check_timing report

Table of Contents
-----------------
1. checking no_clock (0)
2. checking constant_clock (0)
3. checking pulse_width_clock (0)
4. checking unconstrained_internal_endpoints (0)
5. checking no_input_delay (0)
6. checking no_output_delay (1)
7. checking multiple_clock (0)
8. checking generated_clocks (0)
9. checking loops (0)
10. checking partial_input_delay (0)
11. checking partial_output_delay (0)
12. checking latch_loops (0)

1. checking no_clock (0)
------------------------
 There are 0 register/latch pins with no clock.


2. checking constant_clock (0)
------------------------------
 There are 0 register/latch pins with constant_clock.


3. checking pulse_width_clock (0)
---------------------------------
 There are 0 register/latch pins which need pulse_width check


4. checking unconstrained_internal_endpoints (0)
------------------------------------------------
 There are 0 pins that are not constrained for maximum delay.

 There are 0 pins that are not constrained for maximum delay due to constant clock.


5. checking no_input_delay (0)
------------------------------
 There are 0 input ports with no input delay specified.

 There are 0 input ports with no input delay but user has a false path constraint.


6. checking no_output_delay (1)
-------------------------------
 There is 1 port with no output delay specified. (HIGH)

 There are 0 ports with no output delay but user has a false path constraint

 There are 0 ports with no output delay but with a timing clock defined on it or propagating through it


7. checking multiple_clock (0)
------------------------------
 There are 0 register/latch pins with multiple clocks.


8. checking generated_clocks (0)
--------------------------------
 There are 0 generated clocks that are not connected to a clock source.


9. checking loops (0)
---------------------
 There are 0 combinational loops in the design.


10. checking partial_input_delay (0)
------------------------------------
 There are 0 input ports with partial input delay specified.


11. checking partial_output_delay (0)
-------------------------------------
 There are 0 ports with partial output delay specified.


12. checking latch_loops (0)
----------------------------
 There are 0 combinational latch loops in the design through latch input



------------------------------------------------------------------------------------------------
| Design Timing Summary
| ---------------------
------------------------------------------------------------------------------------------------

    WNS(ns)      TNS(ns)  TNS Failing Endpoints  TNS Total Endpoints      WHS(ns)      THS(ns)  THS Failing Endpoints  THS Total Endpoints     WPWS(ns)     TPWS(ns)  TPWS Failing Endpoints  TPWS Total Endpoints  
    -------      -------  ---------------------  -------------------      -------      -------  ---------------------  -------------------     --------     --------  ----------------------  --------------------  
      5.277        0.000                      0                   50        0.335        0.000                      0                   50        4.500        0.000                       0                    27  


All user specified timing constraints are met.


------------------------------------------------------------------------------------------------
| Clock Summary
| -------------
------------------------------------------------------------------------------------------------

Clock        Waveform(ns)       Period(ns)      Frequency(MHz)
-----        ------------       ----------      --------------
sys_clk_pin  {0.000 5.000}      10.000          100.000         


------------------------------------------------------------------------------------------------
| Intra Clock Table
| -----------------
------------------------------------------------------------------------------------------------

Clock             WNS(ns)      TNS(ns)  TNS Failing Endpoints  TNS Total Endpoints      WHS(ns)      THS(ns)  THS Failing Endpoints  THS Total Endpoints     WPWS(ns)     TPWS(ns)  TPWS Failing Endpoints  TPWS Total Endpoints  
-----             -------      -------  ---------------------  -------------------      -------      -------  ---------------------  -------------------     --------     --------  ----------------------  --------------------  
sys_clk_pin         5.277        0.000                      0                   50        0.335        0.000                      0                   50        4.500        0.000                       0                    27  


------------------------------------------------------------------------------------------------
| Inter Clock Table
| -----------------
------------------------------------------------------------------------------------------------

From Clock    To Clock          WNS(ns)      TNS(ns)  TNS Failing Endpoints  TNS Total Endpoints      WHS(ns)      THS(ns)  THS Failing Endpoints  THS Total Endpoints  
----------    --------          -------      -------  ---------------------  -------------------      -------      -------  ---------------------  -------------------  


------------------------------------------------------------------------------------------------
| Other Path Groups Table
| -----------------------
------------------------------------------------------------------------------------------------

Path Group    From Clock    To Clock          WNS(ns)      TNS(ns)  TNS Failing Endpoints  TNS Total Endpoints      WHS(ns)      THS(ns)  THS Failing Endpoints  THS Total Endpoints  
----------    ----------    --------          -------      -------  ---------------------  -------------------      -------      -------  ---------------------  -------------------  


------------------------------------------------------------------------------------------------
| Timing Details
| --------------
------------------------------------------------------------------------------------------------


---------------------------------------------------------------------------------------------------
From Clock:  sys_clk_pin
  To Clock:  sys_clk_pin

Setup :            0  Failing Endpoints,  Worst Slack        5.277ns,  Total Violation        0.000ns
Hold  :            0  Failing Endpoints,  Worst Slack        0.335ns,  Total Violation        0.000ns
PW    :            0  Failing Endpoints,  Worst Slack        4.500ns,  Total Violation        0.000ns
---------------------------------------------------------------------------------------------------


Max Delay Paths
--------------------------------------------------------------------------------------
Slack (MET) :             5.277ns  (required time - arrival time)
  Source:                 count_reg[20]/C
                            (rising edge-triggered cell FDRE clocked by sys_clk_pin  {rise@0.000ns fall@5.000ns period=10.000ns})
  Destination:            count_reg[21]/R
                            (rising edge-triggered cell FDRE clocked by sys_clk_pin  {rise@0.000ns fall@5.000ns period=10.000ns})
  Path Group:             sys_clk_pin
  Path Type:              Setup (Max at Slow Process Corner)
  Requirement:            10.000ns  (sys_clk_pin rise@10.000ns - sys_clk_pin rise@0.000ns)
  Data Path Delay:        4.234ns  (logic 0.828ns (19.556%)  route 3.406ns (80.444%))
  Logic Levels:           3  (LUT2=1 LUT4=1 LUT6=1)
  Clock Path Skew:        -0.025ns (DCD - SCD + CPR)
    Destination Clock Delay (DCD):    4.859ns = ( 14.859 - 10.000 ) 
    Source Clock Delay      (SCD):    5.158ns
    Clock Pessimism Removal (CPR):    0.274ns
  Clock Uncertainty:      0.035ns  ((TSJ^2 + TIJ^2)^1/2 + DJ) / 2 + PE
    Total System Jitter     (TSJ):    0.071ns
    Total Input Jitter      (TIJ):    0.000ns
    Discrete Jitter          (DJ):    0.000ns
    Phase Error              (PE):    0.000ns

    Location             Delay type                Incr(ns)  Path(ns)    Netlist Resource(s)
  -------------------------------------------------------------------    -------------------
                         (clock sys_clk_pin rise edge)
                                                      0.000     0.000 r  
    W5                                                0.000     0.000 r  clkin (IN)
                         net (fo=0)                   0.000     0.000    clkin
    W5                   IBUF (Prop_ibuf_I_O)         1.458     1.458 r  clkin_IBUF_inst/O
                         net (fo=1, routed)           1.967     3.425    clkin_IBUF
    BUFGCTRL_X0Y0        BUFG (Prop_bufg_I_O)         0.096     3.521 r  clkin_IBUF_BUFG_inst/O
                         net (fo=26, routed)          1.637     5.158    clkin_IBUF_BUFG
    SLICE_X0Y7           FDRE                                         r  count_reg[20]/C
  -------------------------------------------------------------------    -------------------
    SLICE_X0Y7           FDRE (Prop_fdre_C_Q)         0.456     5.614 r  count_reg[20]/Q
                         net (fo=2, routed)           0.681     6.296    count_reg_n_0_[20]
    SLICE_X1Y7           LUT4 (Prop_lut4_I2_O)        0.124     6.420 f  count[0]_i_3/O
                         net (fo=1, routed)           0.956     7.376    count[0]_i_3_n_0
    SLICE_X1Y5           LUT6 (Prop_lut6_I0_O)        0.124     7.500 f  count[0]_i_2/O
                         net (fo=3, routed)           0.819     8.319    count[0]_i_2_n_0
    SLICE_X1Y3           LUT2 (Prop_lut2_I1_O)        0.124     8.443 r  count[24]_i_1/O
                         net (fo=24, routed)          0.950     9.392    count[24]_i_1_n_0
    SLICE_X0Y8           FDRE                                         r  count_reg[21]/R
  -------------------------------------------------------------------    -------------------

                         (clock sys_clk_pin rise edge)
                                                     10.000    10.000 r  
    W5                                                0.000    10.000 r  clkin (IN)
                         net (fo=0)                   0.000    10.000    clkin
    W5                   IBUF (Prop_ibuf_I_O)         1.388    11.388 r  clkin_IBUF_inst/O
                         net (fo=1, routed)           1.862    13.250    clkin_IBUF
    BUFGCTRL_X0Y0        BUFG (Prop_bufg_I_O)         0.091    13.341 r  clkin_IBUF_BUFG_inst/O
                         net (fo=26, routed)          1.518    14.859    clkin_IBUF_BUFG
    SLICE_X0Y8           FDRE                                         r  count_reg[21]/C
                         clock pessimism              0.274    15.133    
                         clock uncertainty           -0.035    15.098    
    SLICE_X0Y8           FDRE (Setup_fdre_C_R)       -0.429    14.669    count_reg[21]
  -------------------------------------------------------------------
                         required time                         14.669    
                         arrival time                          -9.392    
  -------------------------------------------------------------------
                         slack                                  5.277    

Slack (MET) :             5.277ns  (required time - arrival time)
  Source:                 count_reg[20]/C
                            (rising edge-triggered cell FDRE clocked by sys_clk_pin  {rise@0.000ns fall@5.000ns period=10.000ns})
  Destination:            count_reg[22]/R
                            (rising edge-triggered cell FDRE clocked by sys_clk_pin  {rise@0.000ns fall@5.000ns period=10.000ns})
  Path Group:             sys_clk_pin
  Path Type:              Setup (Max at Slow Process Corner)
  Requirement:            10.000ns  (sys_clk_pin rise@10.000ns - sys_clk_pin rise@0.000ns)
  Data Path Delay:        4.234ns  (logic 0.828ns (19.556%)  route 3.406ns (80.444%))
  Logic Levels:           3  (LUT2=1 LUT4=1 LUT6=1)
  Clock Path Skew:        -0.025ns (DCD - SCD + CPR)
    Destination Clock Delay (DCD):    4.859ns = ( 14.859 - 10.000 ) 
    Source Clock Delay      (SCD):    5.158ns
    Clock Pessimism Removal (CPR):    0.274ns
  Clock Uncertainty:      0.035ns  ((TSJ^2 + TIJ^2)^1/2 + DJ) / 2 + PE
    Total System Jitter     (TSJ):    0.071ns
    Total Input Jitter      (TIJ):    0.000ns
    Discrete Jitter          (DJ):    0.000ns
    Phase Error              (PE):    0.000ns

    Location             Delay type                Incr(ns)  Path(ns)    Netlist Resource(s)
  -------------------------------------------------------------------    -------------------
                         (clock sys_clk_pin rise edge)
                                                      0.000     0.000 r  
    W5                                                0.000     0.000 r  clkin (IN)
                         net (fo=0)                   0.000     0.000    clkin
    W5                   IBUF (Prop_ibuf_I_O)         1.458     1.458 r  clkin_IBUF_inst/O
                         net (fo=1, routed)           1.967     3.425    clkin_IBUF
    BUFGCTRL_X0Y0        BUFG (Prop_bufg_I_O)         0.096     3.521 r  clkin_IBUF_BUFG_inst/O
                         net (fo=26, routed)          1.637     5.158    clkin_IBUF_BUFG
    SLICE_X0Y7           FDRE                                         r  count_reg[20]/C
  -------------------------------------------------------------------    -------------------
    SLICE_X0Y7           FDRE (Prop_fdre_C_Q)         0.456     5.614 r  count_reg[20]/Q
                         net (fo=2, routed)           0.681     6.296    count_reg_n_0_[20]
    SLICE_X1Y7           LUT4 (Prop_lut4_I2_O)        0.124     6.420 f  count[0]_i_3/O
                         net (fo=1, routed)           0.956     7.376    count[0]_i_3_n_0
    SLICE_X1Y5           LUT6 (Prop_lut6_I0_O)        0.124     7.500 f  count[0]_i_2/O
                         net (fo=3, routed)           0.819     8.319    count[0]_i_2_n_0
    SLICE_X1Y3           LUT2 (Prop_lut2_I1_O)        0.124     8.443 r  count[24]_i_1/O
                         net (fo=24, routed)          0.950     9.392    count[24]_i_1_n_0
    SLICE_X0Y8           FDRE                                         r  count_reg[22]/R
  -------------------------------------------------------------------    -------------------

                         (clock sys_clk_pin rise edge)
                                                     10.000    10.000 r  
    W5                                                0.000    10.000 r  clkin (IN)
                         net (fo=0)                   0.000    10.000    clkin
    W5                   IBUF (Prop_ibuf_I_O)         1.388    11.388 r  clkin_IBUF_inst/O
                         net (fo=1, routed)           1.862    13.250    clkin_IBUF
    BUFGCTRL_X0Y0        BUFG (Prop_bufg_I_O)         0.091    13.341 r  clkin_IBUF_BUFG_inst/O
                         net (fo=26, routed)          1.518    14.859    clkin_IBUF_BUFG
    SLICE_X0Y8           FDRE                                         r  count_reg[22]/C
                         clock pessimism              0.274    15.133    
                         clock uncertainty           -0.035    15.098    
    SLICE_X0Y8           FDRE (Setup_fdre_C_R)       -0.429    14.669    count_reg[22]
  -------------------------------------------------------------------
                         required time                         14.669    
                         arrival time                          -9.392    
  -------------------------------------------------------------------
                         slack                                  5.277    

Slack (MET) :             5.277ns  (required time - arrival time)
  Source:                 count_reg[20]/C
                            (rising edge-triggered cell FDRE clocked by sys_clk_pin  {rise@0.000ns fall@5.000ns period=10.000ns})
  Destination:            count_reg[23]/R
                            (rising edge-triggered cell FDRE clocked by sys_clk_pin  {rise@0.000ns fall@5.000ns period=10.000ns})
  Path Group:             sys_clk_pin
  Path Type:              Setup (Max at Slow Process Corner)
  Requirement:            10.000ns  (sys_clk_pin rise@10.000ns - sys_clk_pin rise@0.000ns)
  Data Path Delay:        4.234ns  (logic 0.828ns (19.556%)  route 3.406ns (80.444%))
  Logic Levels:           3  (LUT2=1 LUT4=1 LUT6=1)
  Clock Path Skew:        -0.025ns (DCD - SCD + CPR)
    Destination Clock Delay (DCD):    4.859ns = ( 14.859 - 10.000 ) 
    Source Clock Delay      (SCD):    5.158ns
    Clock Pessimism Removal (CPR):    0.274ns
  Clock Uncertainty:      0.035ns  ((TSJ^2 + TIJ^2)^1/2 + DJ) / 2 + PE
    Total System Jitter     (TSJ):    0.071ns
    Total Input Jitter      (TIJ):    0.000ns
    Discrete Jitter          (DJ):    0.000ns
    Phase Error              (PE):    0.000ns

    Location             Delay type                Incr(ns)  Path(ns)    Netlist Resource(s)
  -------------------------------------------------------------------    -------------------
                         (clock sys_clk_pin rise edge)
                                                      0.000     0.000 r  
    W5                                                0.000     0.000 r  clkin (IN)
                         net (fo=0)                   0.000     0.000    clkin
    W5                   IBUF (Prop_ibuf_I_O)         1.458     1.458 r  clkin_IBUF_inst/O
                         net (fo=1, routed)           1.967     3.425    clkin_IBUF
    BUFGCTRL_X0Y0        BUFG (Prop_bufg_I_O)         0.096     3.521 r  clkin_IBUF_BUFG_inst/O
                         net (fo=26, routed)          1.637     5.158    clkin_IBUF_BUFG
    SLICE_X0Y7           FDRE                                         r  count_reg[20]/C
  -------------------------------------------------------------------    -------------------
    SLICE_X0Y7           FDRE (Prop_fdre_C_Q)         0.456     5.614 r  count_reg[20]/Q
                         net (fo=2, routed)           0.681     6.296    count_reg_n_0_[20]
    SLICE_X1Y7           LUT4 (Prop_lut4_I2_O)        0.124     6.420 f  count[0]_i_3/O
                         net (fo=1, routed)           0.956     7.376    count[0]_i_3_n_0
    SLICE_X1Y5           LUT6 (Prop_lut6_I0_O)        0.124     7.500 f  count[0]_i_2/O
                         net (fo=3, routed)           0.819     8.319    count[0]_i_2_n_0
    SLICE_X1Y3           LUT2 (Prop_lut2_I1_O)        0.124     8.443 r  count[24]_i_1/O
                         net (fo=24, routed)          0.950     9.392    count[24]_i_1_n_0
    SLICE_X0Y8           FDRE                                         r  count_reg[23]/R
  -------------------------------------------------------------------    -------------------

                         (clock sys_clk_pin rise edge)
                                                     10.000    10.000 r  
    W5                                                0.000    10.000 r  clkin (IN)
                         net (fo=0)                   0.000    10.000    clkin
    W5                   IBUF (Prop_ibuf_I_O)         1.388    11.388 r  clkin_IBUF_inst/O
                         net (fo=1, routed)           1.862    13.250    clkin_IBUF
    BUFGCTRL_X0Y0        BUFG (Prop_bufg_I_O)         0.091    13.341 r  clkin_IBUF_BUFG_inst/O
                         net (fo=26, routed)          1.518    14.859    clkin_IBUF_BUFG
    SLICE_X0Y8           FDRE                                         r  count_reg[23]/C
                         clock pessimism              0.274    15.133    
                         clock uncertainty           -0.035    15.098    
    SLICE_X0Y8           FDRE (Setup_fdre_C_R)       -0.429    14.669    count_reg[23]
  -------------------------------------------------------------------
                         required time                         14.669    
                         arrival time                          -9.392    
  -------------------------------------------------------------------
                         slack                                  5.277    

Slack (MET) :             5.277ns  (required time - arrival time)
  Source:                 count_reg[20]/C
                            (rising edge-triggered cell FDRE clocked by sys_clk_pin  {rise@0.000ns fall@5.000ns period=10.000ns})
  Destination:            count_reg[24]/R
                            (rising edge-triggered cell FDRE clocked by sys_clk_pin  {rise@0.000ns fall@5.000ns period=10.000ns})
  Path Group:             sys_clk_pin
  Path Type:              Setup (Max at Slow Process Corner)
  Requirement:            10.000ns  (sys_clk_pin rise@10.000ns - sys_clk_pin rise@0.000ns)
  Data Path Delay:        4.234ns  (logic 0.828ns (19.556%)  route 3.406ns (80.444%))
  Logic Levels:           3  (LUT2=1 LUT4=1 LUT6=1)
  Clock Path Skew:        -0.025ns (DCD - SCD + CPR)
    Destination Clock Delay (DCD):    4.859ns = ( 14.859 - 10.000 ) 
    Source Clock Delay      (SCD):    5.158ns
    Clock Pessimism Removal (CPR):    0.274ns
  Clock Uncertainty:      0.035ns  ((TSJ^2 + TIJ^2)^1/2 + DJ) / 2 + PE
    Total System Jitter     (TSJ):    0.071ns
    Total Input Jitter      (TIJ):    0.000ns
    Discrete Jitter          (DJ):    0.000ns
    Phase Error              (PE):    0.000ns

    Location             Delay type                Incr(ns)  Path(ns)    Netlist Resource(s)
  -------------------------------------------------------------------    -------------------
                         (clock sys_clk_pin rise edge)
                                                      0.000     0.000 r  
    W5                                                0.000     0.000 r  clkin (IN)
                         net (fo=0)                   0.000     0.000    clkin
    W5                   IBUF (Prop_ibuf_I_O)         1.458     1.458 r  clkin_IBUF_inst/O
                         net (fo=1, routed)           1.967     3.425    clkin_IBUF
    BUFGCTRL_X0Y0        BUFG (Prop_bufg_I_O)         0.096     3.521 r  clkin_IBUF_BUFG_inst/O
                         net (fo=26, routed)          1.637     5.158    clkin_IBUF_BUFG
    SLICE_X0Y7           FDRE                                         r  count_reg[20]/C
  -------------------------------------------------------------------    -------------------
    SLICE_X0Y7           FDRE (Prop_fdre_C_Q)         0.456     5.614 r  count_reg[20]/Q
                         net (fo=2, routed)           0.681     6.296    count_reg_n_0_[20]
    SLICE_X1Y7           LUT4 (Prop_lut4_I2_O)        0.124     6.420 f  count[0]_i_3/O
                         net (fo=1, routed)           0.956     7.376    count[0]_i_3_n_0
    SLICE_X1Y5           LUT6 (Prop_lut6_I0_O)        0.124     7.500 f  count[0]_i_2/O
                         net (fo=3, routed)           0.819     8.319    count[0]_i_2_n_0
    SLICE_X1Y3           LUT2 (Prop_lut2_I1_O)        0.124     8.443 r  count[24]_i_1/O
                         net (fo=24, routed)          0.950     9.392    count[24]_i_1_n_0
    SLICE_X0Y8           FDRE                                         r  count_reg[24]/R
  -------------------------------------------------------------------    -------------------

                         (clock sys_clk_pin rise edge)
                                                     10.000    10.000 r  
    W5                                                0.000    10.000 r  clkin (IN)
                         net (fo=0)                   0.000    10.000    clkin
    W5                   IBUF (Prop_ibuf_I_O)         1.388    11.388 r  clkin_IBUF_inst/O
                         net (fo=1, routed)           1.862    13.250    clkin_IBUF
    BUFGCTRL_X0Y0        BUFG (Prop_bufg_I_O)         0.091    13.341 r  clkin_IBUF_BUFG_inst/O
                         net (fo=26, routed)          1.518    14.859    clkin_IBUF_BUFG
    SLICE_X0Y8           FDRE                                         r  count_reg[24]/C
                         clock pessimism              0.274    15.133    
                         clock uncertainty           -0.035    15.098    
    SLICE_X0Y8           FDRE (Setup_fdre_C_R)       -0.429    14.669    count_reg[24]
  -------------------------------------------------------------------
                         required time                         14.669    
                         arrival time                          -9.392    
  -------------------------------------------------------------------
                         slack                                  5.277    

Slack (MET) :             5.440ns  (required time - arrival time)
  Source:                 count_reg[20]/C
                            (rising edge-triggered cell FDRE clocked by sys_clk_pin  {rise@0.000ns fall@5.000ns period=10.000ns})
  Destination:            count_reg[17]/R
                            (rising edge-triggered cell FDRE clocked by sys_clk_pin  {rise@0.000ns fall@5.000ns period=10.000ns})
  Path Group:             sys_clk_pin
  Path Type:              Setup (Max at Slow Process Corner)
  Requirement:            10.000ns  (sys_clk_pin rise@10.000ns - sys_clk_pin rise@0.000ns)
  Data Path Delay:        4.096ns  (logic 0.828ns (20.216%)  route 3.268ns (79.784%))
  Logic Levels:           3  (LUT2=1 LUT4=1 LUT6=1)
  Clock Path Skew:        0.000ns (DCD - SCD + CPR)
    Destination Clock Delay (DCD):    4.859ns = ( 14.859 - 10.000 ) 
    Source Clock Delay      (SCD):    5.158ns
    Clock Pessimism Removal (CPR):    0.299ns
  Clock Uncertainty:      0.035ns  ((TSJ^2 + TIJ^2)^1/2 + DJ) / 2 + PE
    Total System Jitter     (TSJ):    0.071ns
    Total Input Jitter      (TIJ):    0.000ns
    Discrete Jitter          (DJ):    0.000ns
    Phase Error              (PE):    0.000ns

    Location             Delay type                Incr(ns)  Path(ns)    Netlist Resource(s)
  -------------------------------------------------------------------    -------------------
                         (clock sys_clk_pin rise edge)
                                                      0.000     0.000 r  
    W5                                                0.000     0.000 r  clkin (IN)
                         net (fo=0)                   0.000     0.000    clkin
    W5                   IBUF (Prop_ibuf_I_O)         1.458     1.458 r  clkin_IBUF_inst/O
                         net (fo=1, routed)           1.967     3.425    clkin_IBUF
    BUFGCTRL_X0Y0        BUFG (Prop_bufg_I_O)         0.096     3.521 r  clkin_IBUF_BUFG_inst/O
                         net (fo=26, routed)          1.637     5.158    clkin_IBUF_BUFG
    SLICE_X0Y7           FDRE                                         r  count_reg[20]/C
  -------------------------------------------------------------------    -------------------
    SLICE_X0Y7           FDRE (Prop_fdre_C_Q)         0.456     5.614 r  count_reg[20]/Q
                         net (fo=2, routed)           0.681     6.296    count_reg_n_0_[20]
    SLICE_X1Y7           LUT4 (Prop_lut4_I2_O)        0.124     6.420 f  count[0]_i_3/O
                         net (fo=1, routed)           0.956     7.376    count[0]_i_3_n_0
    SLICE_X1Y5           LUT6 (Prop_lut6_I0_O)        0.124     7.500 f  count[0]_i_2/O
                         net (fo=3, routed)           0.819     8.319    count[0]_i_2_n_0
    SLICE_X1Y3           LUT2 (Prop_lut2_I1_O)        0.124     8.443 r  count[24]_i_1/O
                         net (fo=24, routed)          0.811     9.254    count[24]_i_1_n_0
    SLICE_X0Y7           FDRE                                         r  count_reg[17]/R
  -------------------------------------------------------------------    -------------------

                         (clock sys_clk_pin rise edge)
                                                     10.000    10.000 r  
    W5                                                0.000    10.000 r  clkin (IN)
                         net (fo=0)                   0.000    10.000    clkin
    W5                   IBUF (Prop_ibuf_I_O)         1.388    11.388 r  clkin_IBUF_inst/O
                         net (fo=1, routed)           1.862    13.250    clkin_IBUF
    BUFGCTRL_X0Y0        BUFG (Prop_bufg_I_O)         0.091    13.341 r  clkin_IBUF_BUFG_inst/O
                         net (fo=26, routed)          1.518    14.859    clkin_IBUF_BUFG
    SLICE_X0Y7           FDRE                                         r  count_reg[17]/C
                         clock pessimism              0.299    15.158    
                         clock uncertainty           -0.035    15.123    
    SLICE_X0Y7           FDRE (Setup_fdre_C_R)       -0.429    14.694    count_reg[17]
  -------------------------------------------------------------------
                         required time                         14.694    
                         arrival time                          -9.254    
  -------------------------------------------------------------------
                         slack                                  5.440    

Slack (MET) :             5.440ns  (required time - arrival time)
  Source:                 count_reg[20]/C
                            (rising edge-triggered cell FDRE clocked by sys_clk_pin  {rise@0.000ns fall@5.000ns period=10.000ns})
  Destination:            count_reg[18]/R
                            (rising edge-triggered cell FDRE clocked by sys_clk_pin  {rise@0.000ns fall@5.000ns period=10.000ns})
  Path Group:             sys_clk_pin
  Path Type:              Setup (Max at Slow Process Corner)
  Requirement:            10.000ns  (sys_clk_pin rise@10.000ns - sys_clk_pin rise@0.000ns)
  Data Path Delay:        4.096ns  (logic 0.828ns (20.216%)  route 3.268ns (79.784%))
  Logic Levels:           3  (LUT2=1 LUT4=1 LUT6=1)
  Clock Path Skew:        0.000ns (DCD - SCD + CPR)
    Destination Clock Delay (DCD):    4.859ns = ( 14.859 - 10.000 ) 
    Source Clock Delay      (SCD):    5.158ns
    Clock Pessimism Removal (CPR):    0.299ns
  Clock Uncertainty:      0.035ns  ((TSJ^2 + TIJ^2)^1/2 + DJ) / 2 + PE
    Total System Jitter     (TSJ):    0.071ns
    Total Input Jitter      (TIJ):    0.000ns
    Discrete Jitter          (DJ):    0.000ns
    Phase Error              (PE):    0.000ns

    Location             Delay type                Incr(ns)  Path(ns)    Netlist Resource(s)
  -------------------------------------------------------------------    -------------------
                         (clock sys_clk_pin rise edge)
                                                      0.000     0.000 r  
    W5                                                0.000     0.000 r  clkin (IN)
                         net (fo=0)                   0.000     0.000    clkin
    W5                   IBUF (Prop_ibuf_I_O)         1.458     1.458 r  clkin_IBUF_inst/O
                         net (fo=1, routed)           1.967     3.425    clkin_IBUF
    BUFGCTRL_X0Y0        BUFG (Prop_bufg_I_O)         0.096     3.521 r  clkin_IBUF_BUFG_inst/O
                         net (fo=26, routed)          1.637     5.158    clkin_IBUF_BUFG
    SLICE_X0Y7           FDRE                                         r  count_reg[20]/C
  -------------------------------------------------------------------    -------------------
    SLICE_X0Y7           FDRE (Prop_fdre_C_Q)         0.456     5.614 r  count_reg[20]/Q
                         net (fo=2, routed)           0.681     6.296    count_reg_n_0_[20]
    SLICE_X1Y7           LUT4 (Prop_lut4_I2_O)        0.124     6.420 f  count[0]_i_3/O
                         net (fo=1, routed)           0.956     7.376    count[0]_i_3_n_0
    SLICE_X1Y5           LUT6 (Prop_lut6_I0_O)        0.124     7.500 f  count[0]_i_2/O
                         net (fo=3, routed)           0.819     8.319    count[0]_i_2_n_0
    SLICE_X1Y3           LUT2 (Prop_lut2_I1_O)        0.124     8.443 r  count[24]_i_1/O
                         net (fo=24, routed)          0.811     9.254    count[24]_i_1_n_0
    SLICE_X0Y7           FDRE                                         r  count_reg[18]/R
  -------------------------------------------------------------------    -------------------

                         (clock sys_clk_pin rise edge)
                                                     10.000    10.000 r  
    W5                                                0.000    10.000 r  clkin (IN)
                         net (fo=0)                   0.000    10.000    clkin
    W5                   IBUF (Prop_ibuf_I_O)         1.388    11.388 r  clkin_IBUF_inst/O
                         net (fo=1, routed)           1.862    13.250    clkin_IBUF
    BUFGCTRL_X0Y0        BUFG (Prop_bufg_I_O)         0.091    13.341 r  clkin_IBUF_BUFG_inst/O
                         net (fo=26, routed)          1.518    14.859    clkin_IBUF_BUFG
    SLICE_X0Y7           FDRE                                         r  count_reg[18]/C
                         clock pessimism              0.299    15.158    
                         clock uncertainty           -0.035    15.123    
    SLICE_X0Y7           FDRE (Setup_fdre_C_R)       -0.429    14.694    count_reg[18]
  -------------------------------------------------------------------
                         required time                         14.694    
                         arrival time                          -9.254    
  -------------------------------------------------------------------
                         slack                                  5.440    

Slack (MET) :             5.440ns  (required time - arrival time)
  Source:                 count_reg[20]/C
                            (rising edge-triggered cell FDRE clocked by sys_clk_pin  {rise@0.000ns fall@5.000ns period=10.000ns})
  Destination:            count_reg[19]/R
                            (rising edge-triggered cell FDRE clocked by sys_clk_pin  {rise@0.000ns fall@5.000ns period=10.000ns})
  Path Group:             sys_clk_pin
  Path Type:              Setup (Max at Slow Process Corner)
  Requirement:            10.000ns  (sys_clk_pin rise@10.000ns - sys_clk_pin rise@0.000ns)
  Data Path Delay:        4.096ns  (logic 0.828ns (20.216%)  route 3.268ns (79.784%))
  Logic Levels:           3  (LUT2=1 LUT4=1 LUT6=1)
  Clock Path Skew:        0.000ns (DCD - SCD + CPR)
    Destination Clock Delay (DCD):    4.859ns = ( 14.859 - 10.000 ) 
    Source Clock Delay      (SCD):    5.158ns
    Clock Pessimism Removal (CPR):    0.299ns
  Clock Uncertainty:      0.035ns  ((TSJ^2 + TIJ^2)^1/2 + DJ) / 2 + PE
    Total System Jitter     (TSJ):    0.071ns
    Total Input Jitter      (TIJ):    0.000ns
    Discrete Jitter          (DJ):    0.000ns
    Phase Error              (PE):    0.000ns

    Location             Delay type                Incr(ns)  Path(ns)    Netlist Resource(s)
  -------------------------------------------------------------------    -------------------
                         (clock sys_clk_pin rise edge)
                                                      0.000     0.000 r  
    W5                                                0.000     0.000 r  clkin (IN)
                         net (fo=0)                   0.000     0.000    clkin
    W5                   IBUF (Prop_ibuf_I_O)         1.458     1.458 r  clkin_IBUF_inst/O
                         net (fo=1, routed)           1.967     3.425    clkin_IBUF
    BUFGCTRL_X0Y0        BUFG (Prop_bufg_I_O)         0.096     3.521 r  clkin_IBUF_BUFG_inst/O
                         net (fo=26, routed)          1.637     5.158    clkin_IBUF_BUFG
    SLICE_X0Y7           FDRE                                         r  count_reg[20]/C
  -------------------------------------------------------------------    -------------------
    SLICE_X0Y7           FDRE (Prop_fdre_C_Q)         0.456     5.614 r  count_reg[20]/Q
                         net (fo=2, routed)           0.681     6.296    count_reg_n_0_[20]
    SLICE_X1Y7           LUT4 (Prop_lut4_I2_O)        0.124     6.420 f  count[0]_i_3/O
                         net (fo=1, routed)           0.956     7.376    count[0]_i_3_n_0
    SLICE_X1Y5           LUT6 (Prop_lut6_I0_O)        0.124     7.500 f  count[0]_i_2/O
                         net (fo=3, routed)           0.819     8.319    count[0]_i_2_n_0
    SLICE_X1Y3           LUT2 (Prop_lut2_I1_O)        0.124     8.443 r  count[24]_i_1/O
                         net (fo=24, routed)          0.811     9.254    count[24]_i_1_n_0
    SLICE_X0Y7           FDRE                                         r  count_reg[19]/R
  -------------------------------------------------------------------    -------------------

                         (clock sys_clk_pin rise edge)
                                                     10.000    10.000 r  
    W5                                                0.000    10.000 r  clkin (IN)
                         net (fo=0)                   0.000    10.000    clkin
    W5                   IBUF (Prop_ibuf_I_O)         1.388    11.388 r  clkin_IBUF_inst/O
                         net (fo=1, routed)           1.862    13.250    clkin_IBUF
    BUFGCTRL_X0Y0        BUFG (Prop_bufg_I_O)         0.091    13.341 r  clkin_IBUF_BUFG_inst/O
                         net (fo=26, routed)          1.518    14.859    clkin_IBUF_BUFG
    SLICE_X0Y7           FDRE                                         r  count_reg[19]/C
                         clock pessimism              0.299    15.158    
                         clock uncertainty           -0.035    15.123    
    SLICE_X0Y7           FDRE (Setup_fdre_C_R)       -0.429    14.694    count_reg[19]
  -------------------------------------------------------------------
                         required time                         14.694    
                         arrival time                          -9.254    
  -------------------------------------------------------------------
                         slack                                  5.440    

Slack (MET) :             5.440ns  (required time - arrival time)
  Source:                 count_reg[20]/C
                            (rising edge-triggered cell FDRE clocked by sys_clk_pin  {rise@0.000ns fall@5.000ns period=10.000ns})
  Destination:            count_reg[20]/R
                            (rising edge-triggered cell FDRE clocked by sys_clk_pin  {rise@0.000ns fall@5.000ns period=10.000ns})
  Path Group:             sys_clk_pin
  Path Type:              Setup (Max at Slow Process Corner)
  Requirement:            10.000ns  (sys_clk_pin rise@10.000ns - sys_clk_pin rise@0.000ns)
  Data Path Delay:        4.096ns  (logic 0.828ns (20.216%)  route 3.268ns (79.784%))
  Logic Levels:           3  (LUT2=1 LUT4=1 LUT6=1)
  Clock Path Skew:        0.000ns (DCD - SCD + CPR)
    Destination Clock Delay (DCD):    4.859ns = ( 14.859 - 10.000 ) 
    Source Clock Delay      (SCD):    5.158ns
    Clock Pessimism Removal (CPR):    0.299ns
  Clock Uncertainty:      0.035ns  ((TSJ^2 + TIJ^2)^1/2 + DJ) / 2 + PE
    Total System Jitter     (TSJ):    0.071ns
    Total Input Jitter      (TIJ):    0.000ns
    Discrete Jitter          (DJ):    0.000ns
    Phase Error              (PE):    0.000ns

    Location             Delay type                Incr(ns)  Path(ns)    Netlist Resource(s)
  -------------------------------------------------------------------    -------------------
                         (clock sys_clk_pin rise edge)
                                                      0.000     0.000 r  
    W5                                                0.000     0.000 r  clkin (IN)
                         net (fo=0)                   0.000     0.000    clkin
    W5                   IBUF (Prop_ibuf_I_O)         1.458     1.458 r  clkin_IBUF_inst/O
                         net (fo=1, routed)           1.967     3.425    clkin_IBUF
    BUFGCTRL_X0Y0        BUFG (Prop_bufg_I_O)         0.096     3.521 r  clkin_IBUF_BUFG_inst/O
                         net (fo=26, routed)          1.637     5.158    clkin_IBUF_BUFG
    SLICE_X0Y7           FDRE                                         r  count_reg[20]/C
  -------------------------------------------------------------------    -------------------
    SLICE_X0Y7           FDRE (Prop_fdre_C_Q)         0.456     5.614 r  count_reg[20]/Q
                         net (fo=2, routed)           0.681     6.296    count_reg_n_0_[20]
    SLICE_X1Y7           LUT4 (Prop_lut4_I2_O)        0.124     6.420 f  count[0]_i_3/O
                         net (fo=1, routed)           0.956     7.376    count[0]_i_3_n_0
    SLICE_X1Y5           LUT6 (Prop_lut6_I0_O)        0.124     7.500 f  count[0]_i_2/O
                         net (fo=3, routed)           0.819     8.319    count[0]_i_2_n_0
    SLICE_X1Y3           LUT2 (Prop_lut2_I1_O)        0.124     8.443 r  count[24]_i_1/O
                         net (fo=24, routed)          0.811     9.254    count[24]_i_1_n_0
    SLICE_X0Y7           FDRE                                         r  count_reg[20]/R
  -------------------------------------------------------------------    -------------------

                         (clock sys_clk_pin rise edge)
                                                     10.000    10.000 r  
    W5                                                0.000    10.000 r  clkin (IN)
                         net (fo=0)                   0.000    10.000    clkin
    W5                   IBUF (Prop_ibuf_I_O)         1.388    11.388 r  clkin_IBUF_inst/O
                         net (fo=1, routed)           1.862    13.250    clkin_IBUF
    BUFGCTRL_X0Y0        BUFG (Prop_bufg_I_O)         0.091    13.341 r  clkin_IBUF_BUFG_inst/O
                         net (fo=26, routed)          1.518    14.859    clkin_IBUF_BUFG
    SLICE_X0Y7           FDRE                                         r  count_reg[20]/C
                         clock pessimism              0.299    15.158    
                         clock uncertainty           -0.035    15.123    
    SLICE_X0Y7           FDRE (Setup_fdre_C_R)       -0.429    14.694    count_reg[20]
  -------------------------------------------------------------------
                         required time                         14.694    
                         arrival time                          -9.254    
  -------------------------------------------------------------------
                         slack                                  5.440    

Slack (MET) :             5.564ns  (required time - arrival time)
  Source:                 count_reg[20]/C
                            (rising edge-triggered cell FDRE clocked by sys_clk_pin  {rise@0.000ns fall@5.000ns period=10.000ns})
  Destination:            count_reg[13]/R
                            (rising edge-triggered cell FDRE clocked by sys_clk_pin  {rise@0.000ns fall@5.000ns period=10.000ns})
  Path Group:             sys_clk_pin
  Path Type:              Setup (Max at Slow Process Corner)
  Requirement:            10.000ns  (sys_clk_pin rise@10.000ns - sys_clk_pin rise@0.000ns)
  Data Path Delay:        3.947ns  (logic 0.828ns (20.976%)  route 3.119ns (79.024%))
  Logic Levels:           3  (LUT2=1 LUT4=1 LUT6=1)
  Clock Path Skew:        -0.024ns (DCD - SCD + CPR)
    Destination Clock Delay (DCD):    4.860ns = ( 14.860 - 10.000 ) 
    Source Clock Delay      (SCD):    5.158ns
    Clock Pessimism Removal (CPR):    0.274ns
  Clock Uncertainty:      0.035ns  ((TSJ^2 + TIJ^2)^1/2 + DJ) / 2 + PE
    Total System Jitter     (TSJ):    0.071ns
    Total Input Jitter      (TIJ):    0.000ns
    Discrete Jitter          (DJ):    0.000ns
    Phase Error              (PE):    0.000ns

    Location             Delay type                Incr(ns)  Path(ns)    Netlist Resource(s)
  -------------------------------------------------------------------    -------------------
                         (clock sys_clk_pin rise edge)
                                                      0.000     0.000 r  
    W5                                                0.000     0.000 r  clkin (IN)
                         net (fo=0)                   0.000     0.000    clkin
    W5                   IBUF (Prop_ibuf_I_O)         1.458     1.458 r  clkin_IBUF_inst/O
                         net (fo=1, routed)           1.967     3.425    clkin_IBUF
    BUFGCTRL_X0Y0        BUFG (Prop_bufg_I_O)         0.096     3.521 r  clkin_IBUF_BUFG_inst/O
                         net (fo=26, routed)          1.637     5.158    clkin_IBUF_BUFG
    SLICE_X0Y7           FDRE                                         r  count_reg[20]/C
  -------------------------------------------------------------------    -------------------
    SLICE_X0Y7           FDRE (Prop_fdre_C_Q)         0.456     5.614 r  count_reg[20]/Q
                         net (fo=2, routed)           0.681     6.296    count_reg_n_0_[20]
    SLICE_X1Y7           LUT4 (Prop_lut4_I2_O)        0.124     6.420 f  count[0]_i_3/O
                         net (fo=1, routed)           0.956     7.376    count[0]_i_3_n_0
    SLICE_X1Y5           LUT6 (Prop_lut6_I0_O)        0.124     7.500 f  count[0]_i_2/O
                         net (fo=3, routed)           0.819     8.319    count[0]_i_2_n_0
    SLICE_X1Y3           LUT2 (Prop_lut2_I1_O)        0.124     8.443 r  count[24]_i_1/O
                         net (fo=24, routed)          0.663     9.106    count[24]_i_1_n_0
    SLICE_X0Y6           FDRE                                         r  count_reg[13]/R
  -------------------------------------------------------------------    -------------------

                         (clock sys_clk_pin rise edge)
                                                     10.000    10.000 r  
    W5                                                0.000    10.000 r  clkin (IN)
                         net (fo=0)                   0.000    10.000    clkin
    W5                   IBUF (Prop_ibuf_I_O)         1.388    11.388 r  clkin_IBUF_inst/O
                         net (fo=1, routed)           1.862    13.250    clkin_IBUF
    BUFGCTRL_X0Y0        BUFG (Prop_bufg_I_O)         0.091    13.341 r  clkin_IBUF_BUFG_inst/O
                         net (fo=26, routed)          1.519    14.860    clkin_IBUF_BUFG
    SLICE_X0Y6           FDRE                                         r  count_reg[13]/C
                         clock pessimism              0.274    15.134    
                         clock uncertainty           -0.035    15.099    
    SLICE_X0Y6           FDRE (Setup_fdre_C_R)       -0.429    14.670    count_reg[13]
  -------------------------------------------------------------------
                         required time                         14.670    
                         arrival time                          -9.106    
  -------------------------------------------------------------------
                         slack                                  5.564    

Slack (MET) :             5.564ns  (required time - arrival time)
  Source:                 count_reg[20]/C
                            (rising edge-triggered cell FDRE clocked by sys_clk_pin  {rise@0.000ns fall@5.000ns period=10.000ns})
  Destination:            count_reg[14]/R
                            (rising edge-triggered cell FDRE clocked by sys_clk_pin  {rise@0.000ns fall@5.000ns period=10.000ns})
  Path Group:             sys_clk_pin
  Path Type:              Setup (Max at Slow Process Corner)
  Requirement:            10.000ns  (sys_clk_pin rise@10.000ns - sys_clk_pin rise@0.000ns)
  Data Path Delay:        3.947ns  (logic 0.828ns (20.976%)  route 3.119ns (79.024%))
  Logic Levels:           3  (LUT2=1 LUT4=1 LUT6=1)
  Clock Path Skew:        -0.024ns (DCD - SCD + CPR)
    Destination Clock Delay (DCD):    4.860ns = ( 14.860 - 10.000 ) 
    Source Clock Delay      (SCD):    5.158ns
    Clock Pessimism Removal (CPR):    0.274ns
  Clock Uncertainty:      0.035ns  ((TSJ^2 + TIJ^2)^1/2 + DJ) / 2 + PE
    Total System Jitter     (TSJ):    0.071ns
    Total Input Jitter      (TIJ):    0.000ns
    Discrete Jitter          (DJ):    0.000ns
    Phase Error              (PE):    0.000ns

    Location             Delay type                Incr(ns)  Path(ns)    Netlist Resource(s)
  -------------------------------------------------------------------    -------------------
                         (clock sys_clk_pin rise edge)
                                                      0.000     0.000 r  
    W5                                                0.000     0.000 r  clkin (IN)
                         net (fo=0)                   0.000     0.000    clkin
    W5                   IBUF (Prop_ibuf_I_O)         1.458     1.458 r  clkin_IBUF_inst/O
                         net (fo=1, routed)           1.967     3.425    clkin_IBUF
    BUFGCTRL_X0Y0        BUFG (Prop_bufg_I_O)         0.096     3.521 r  clkin_IBUF_BUFG_inst/O
                         net (fo=26, routed)          1.637     5.158    clkin_IBUF_BUFG
    SLICE_X0Y7           FDRE                                         r  count_reg[20]/C
  -------------------------------------------------------------------    -------------------
    SLICE_X0Y7           FDRE (Prop_fdre_C_Q)         0.456     5.614 r  count_reg[20]/Q
                         net (fo=2, routed)           0.681     6.296    count_reg_n_0_[20]
    SLICE_X1Y7           LUT4 (Prop_lut4_I2_O)        0.124     6.420 f  count[0]_i_3/O
                         net (fo=1, routed)           0.956     7.376    count[0]_i_3_n_0
    SLICE_X1Y5           LUT6 (Prop_lut6_I0_O)        0.124     7.500 f  count[0]_i_2/O
                         net (fo=3, routed)           0.819     8.319    count[0]_i_2_n_0
    SLICE_X1Y3           LUT2 (Prop_lut2_I1_O)        0.124     8.443 r  count[24]_i_1/O
                         net (fo=24, routed)          0.663     9.106    count[24]_i_1_n_0
    SLICE_X0Y6           FDRE                                         r  count_reg[14]/R
  -------------------------------------------------------------------    -------------------

                         (clock sys_clk_pin rise edge)
                                                     10.000    10.000 r  
    W5                                                0.000    10.000 r  clkin (IN)
                         net (fo=0)                   0.000    10.000    clkin
    W5                   IBUF (Prop_ibuf_I_O)         1.388    11.388 r  clkin_IBUF_inst/O
                         net (fo=1, routed)           1.862    13.250    clkin_IBUF
    BUFGCTRL_X0Y0        BUFG (Prop_bufg_I_O)         0.091    13.341 r  clkin_IBUF_BUFG_inst/O
                         net (fo=26, routed)          1.519    14.860    clkin_IBUF_BUFG
    SLICE_X0Y6           FDRE                                         r  count_reg[14]/C
                         clock pessimism              0.274    15.134    
                         clock uncertainty           -0.035    15.099    
    SLICE_X0Y6           FDRE (Setup_fdre_C_R)       -0.429    14.670    count_reg[14]
  -------------------------------------------------------------------
                         required time                         14.670    
                         arrival time                          -9.106    
  -------------------------------------------------------------------
                         slack                                  5.564    





Min Delay Paths
--------------------------------------------------------------------------------------
Slack (MET) :             0.335ns  (arrival time - required time)
  Source:                 count_reg[1]/C
                            (rising edge-triggered cell FDRE clocked by sys_clk_pin  {rise@0.000ns fall@5.000ns period=10.000ns})
  Destination:            count_reg[1]/D
                            (rising edge-triggered cell FDRE clocked by sys_clk_pin  {rise@0.000ns fall@5.000ns period=10.000ns})
  Path Group:             sys_clk_pin
  Path Type:              Hold (Min at Fast Process Corner)
  Requirement:            0.000ns  (sys_clk_pin rise@0.000ns - sys_clk_pin rise@0.000ns)
  Data Path Delay:        0.440ns  (logic 0.256ns (58.221%)  route 0.184ns (41.779%))
  Logic Levels:           1  (CARRY4=1)
  Clock Path Skew:        0.000ns (DCD - SCD - CPR)
    Destination Clock Delay (DCD):    1.993ns
    Source Clock Delay      (SCD):    1.478ns
    Clock Pessimism Removal (CPR):    0.515ns

    Location             Delay type                Incr(ns)  Path(ns)    Netlist Resource(s)
  -------------------------------------------------------------------    -------------------
                         (clock sys_clk_pin rise edge)
                                                      0.000     0.000 r  
    W5                                                0.000     0.000 r  clkin (IN)
                         net (fo=0)                   0.000     0.000    clkin
    W5                   IBUF (Prop_ibuf_I_O)         0.226     0.226 r  clkin_IBUF_inst/O
                         net (fo=1, routed)           0.631     0.858    clkin_IBUF
    BUFGCTRL_X0Y0        BUFG (Prop_bufg_I_O)         0.026     0.884 r  clkin_IBUF_BUFG_inst/O
                         net (fo=26, routed)          0.595     1.478    clkin_IBUF_BUFG
    SLICE_X0Y3           FDRE                                         r  count_reg[1]/C
  -------------------------------------------------------------------    -------------------
    SLICE_X0Y3           FDRE (Prop_fdre_C_Q)         0.141     1.619 r  count_reg[1]/Q
                         net (fo=2, routed)           0.184     1.803    count_reg_n_0_[1]
    SLICE_X0Y3           CARRY4 (Prop_carry4_S[0]_O[0])
                                                      0.115     1.918 r  count_reg[4]_i_1/O[0]
                         net (fo=1, routed)           0.000     1.918    data0[1]
    SLICE_X0Y3           FDRE                                         r  count_reg[1]/D
  -------------------------------------------------------------------    -------------------

                         (clock sys_clk_pin rise edge)
                                                      0.000     0.000 r  
    W5                                                0.000     0.000 r  clkin (IN)
                         net (fo=0)                   0.000     0.000    clkin
    W5                   IBUF (Prop_ibuf_I_O)         0.414     0.414 r  clkin_IBUF_inst/O
                         net (fo=1, routed)           0.685     1.099    clkin_IBUF
    BUFGCTRL_X0Y0        BUFG (Prop_bufg_I_O)         0.029     1.128 r  clkin_IBUF_BUFG_inst/O
                         net (fo=26, routed)          0.866     1.993    clkin_IBUF_BUFG
    SLICE_X0Y3           FDRE                                         r  count_reg[1]/C
                         clock pessimism             -0.515     1.478    
    SLICE_X0Y3           FDRE (Hold_fdre_C_D)         0.105     1.583    count_reg[1]
  -------------------------------------------------------------------
                         required time                         -1.583    
                         arrival time                           1.918    
  -------------------------------------------------------------------
                         slack                                  0.335    

Slack (MET) :             0.339ns  (arrival time - required time)
  Source:                 count_reg[13]/C
                            (rising edge-triggered cell FDRE clocked by sys_clk_pin  {rise@0.000ns fall@5.000ns period=10.000ns})
  Destination:            count_reg[13]/D
                            (rising edge-triggered cell FDRE clocked by sys_clk_pin  {rise@0.000ns fall@5.000ns period=10.000ns})
  Path Group:             sys_clk_pin
  Path Type:              Hold (Min at Fast Process Corner)
  Requirement:            0.000ns  (sys_clk_pin rise@0.000ns - sys_clk_pin rise@0.000ns)
  Data Path Delay:        0.444ns  (logic 0.256ns (57.717%)  route 0.188ns (42.283%))
  Logic Levels:           1  (CARRY4=1)
  Clock Path Skew:        0.000ns (DCD - SCD - CPR)
    Destination Clock Delay (DCD):    1.993ns
    Source Clock Delay      (SCD):    1.478ns
    Clock Pessimism Removal (CPR):    0.515ns

    Location             Delay type                Incr(ns)  Path(ns)    Netlist Resource(s)
  -------------------------------------------------------------------    -------------------
                         (clock sys_clk_pin rise edge)
                                                      0.000     0.000 r  
    W5                                                0.000     0.000 r  clkin (IN)
                         net (fo=0)                   0.000     0.000    clkin
    W5                   IBUF (Prop_ibuf_I_O)         0.226     0.226 r  clkin_IBUF_inst/O
                         net (fo=1, routed)           0.631     0.858    clkin_IBUF
    BUFGCTRL_X0Y0        BUFG (Prop_bufg_I_O)         0.026     0.884 r  clkin_IBUF_BUFG_inst/O
                         net (fo=26, routed)          0.595     1.478    clkin_IBUF_BUFG
    SLICE_X0Y6           FDRE                                         r  count_reg[13]/C
  -------------------------------------------------------------------    -------------------
    SLICE_X0Y6           FDRE (Prop_fdre_C_Q)         0.141     1.619 r  count_reg[13]/Q
                         net (fo=2, routed)           0.188     1.807    count_reg_n_0_[13]
    SLICE_X0Y6           CARRY4 (Prop_carry4_S[0]_O[0])
                                                      0.115     1.922 r  count_reg[16]_i_1/O[0]
                         net (fo=1, routed)           0.000     1.922    data0[13]
    SLICE_X0Y6           FDRE                                         r  count_reg[13]/D
  -------------------------------------------------------------------    -------------------

                         (clock sys_clk_pin rise edge)
                                                      0.000     0.000 r  
    W5                                                0.000     0.000 r  clkin (IN)
                         net (fo=0)                   0.000     0.000    clkin
    W5                   IBUF (Prop_ibuf_I_O)         0.414     0.414 r  clkin_IBUF_inst/O
                         net (fo=1, routed)           0.685     1.099    clkin_IBUF
    BUFGCTRL_X0Y0        BUFG (Prop_bufg_I_O)         0.029     1.128 r  clkin_IBUF_BUFG_inst/O
                         net (fo=26, routed)          0.866     1.993    clkin_IBUF_BUFG
    SLICE_X0Y6           FDRE                                         r  count_reg[13]/C
                         clock pessimism             -0.515     1.478    
    SLICE_X0Y6           FDRE (Hold_fdre_C_D)         0.105     1.583    count_reg[13]
  -------------------------------------------------------------------
                         required time                         -1.583    
                         arrival time                           1.922    
  -------------------------------------------------------------------
                         slack                                  0.339    

Slack (MET) :             0.339ns  (arrival time - required time)
  Source:                 count_reg[17]/C
                            (rising edge-triggered cell FDRE clocked by sys_clk_pin  {rise@0.000ns fall@5.000ns period=10.000ns})
  Destination:            count_reg[17]/D
                            (rising edge-triggered cell FDRE clocked by sys_clk_pin  {rise@0.000ns fall@5.000ns period=10.000ns})
  Path Group:             sys_clk_pin
  Path Type:              Hold (Min at Fast Process Corner)
  Requirement:            0.000ns  (sys_clk_pin rise@0.000ns - sys_clk_pin rise@0.000ns)
  Data Path Delay:        0.444ns  (logic 0.256ns (57.717%)  route 0.188ns (42.283%))
  Logic Levels:           1  (CARRY4=1)
  Clock Path Skew:        0.000ns (DCD - SCD - CPR)
    Destination Clock Delay (DCD):    1.992ns
    Source Clock Delay      (SCD):    1.477ns
    Clock Pessimism Removal (CPR):    0.515ns

    Location             Delay type                Incr(ns)  Path(ns)    Netlist Resource(s)
  -------------------------------------------------------------------    -------------------
                         (clock sys_clk_pin rise edge)
                                                      0.000     0.000 r  
    W5                                                0.000     0.000 r  clkin (IN)
                         net (fo=0)                   0.000     0.000    clkin
    W5                   IBUF (Prop_ibuf_I_O)         0.226     0.226 r  clkin_IBUF_inst/O
                         net (fo=1, routed)           0.631     0.858    clkin_IBUF
    BUFGCTRL_X0Y0        BUFG (Prop_bufg_I_O)         0.026     0.884 r  clkin_IBUF_BUFG_inst/O
                         net (fo=26, routed)          0.594     1.477    clkin_IBUF_BUFG
    SLICE_X0Y7           FDRE                                         r  count_reg[17]/C
  -------------------------------------------------------------------    -------------------
    SLICE_X0Y7           FDRE (Prop_fdre_C_Q)         0.141     1.618 r  count_reg[17]/Q
                         net (fo=2, routed)           0.188     1.806    count_reg_n_0_[17]
    SLICE_X0Y7           CARRY4 (Prop_carry4_S[0]_O[0])
                                                      0.115     1.921 r  count_reg[20]_i_1/O[0]
                         net (fo=1, routed)           0.000     1.921    data0[17]
    SLICE_X0Y7           FDRE                                         r  count_reg[17]/D
  -------------------------------------------------------------------    -------------------

                         (clock sys_clk_pin rise edge)
                                                      0.000     0.000 r  
    W5                                                0.000     0.000 r  clkin (IN)
                         net (fo=0)                   0.000     0.000    clkin
    W5                   IBUF (Prop_ibuf_I_O)         0.414     0.414 r  clkin_IBUF_inst/O
                         net (fo=1, routed)           0.685     1.099    clkin_IBUF
    BUFGCTRL_X0Y0        BUFG (Prop_bufg_I_O)         0.029     1.128 r  clkin_IBUF_BUFG_inst/O
                         net (fo=26, routed)          0.865     1.992    clkin_IBUF_BUFG
    SLICE_X0Y7           FDRE                                         r  count_reg[17]/C
                         clock pessimism             -0.515     1.477    
    SLICE_X0Y7           FDRE (Hold_fdre_C_D)         0.105     1.582    count_reg[17]
  -------------------------------------------------------------------
                         required time                         -1.582    
                         arrival time                           1.921    
  -------------------------------------------------------------------
                         slack                                  0.339    

Slack (MET) :             0.339ns  (arrival time - required time)
  Source:                 count_reg[21]/C
                            (rising edge-triggered cell FDRE clocked by sys_clk_pin  {rise@0.000ns fall@5.000ns period=10.000ns})
  Destination:            count_reg[21]/D
                            (rising edge-triggered cell FDRE clocked by sys_clk_pin  {rise@0.000ns fall@5.000ns period=10.000ns})
  Path Group:             sys_clk_pin
  Path Type:              Hold (Min at Fast Process Corner)
  Requirement:            0.000ns  (sys_clk_pin rise@0.000ns - sys_clk_pin rise@0.000ns)
  Data Path Delay:        0.444ns  (logic 0.256ns (57.717%)  route 0.188ns (42.283%))
  Logic Levels:           1  (CARRY4=1)
  Clock Path Skew:        0.000ns (DCD - SCD - CPR)
    Destination Clock Delay (DCD):    1.992ns
    Source Clock Delay      (SCD):    1.477ns
    Clock Pessimism Removal (CPR):    0.515ns

    Location             Delay type                Incr(ns)  Path(ns)    Netlist Resource(s)
  -------------------------------------------------------------------    -------------------
                         (clock sys_clk_pin rise edge)
                                                      0.000     0.000 r  
    W5                                                0.000     0.000 r  clkin (IN)
                         net (fo=0)                   0.000     0.000    clkin
    W5                   IBUF (Prop_ibuf_I_O)         0.226     0.226 r  clkin_IBUF_inst/O
                         net (fo=1, routed)           0.631     0.858    clkin_IBUF
    BUFGCTRL_X0Y0        BUFG (Prop_bufg_I_O)         0.026     0.884 r  clkin_IBUF_BUFG_inst/O
                         net (fo=26, routed)          0.594     1.477    clkin_IBUF_BUFG
    SLICE_X0Y8           FDRE                                         r  count_reg[21]/C
  -------------------------------------------------------------------    -------------------
    SLICE_X0Y8           FDRE (Prop_fdre_C_Q)         0.141     1.618 r  count_reg[21]/Q
                         net (fo=2, routed)           0.188     1.806    count_reg_n_0_[21]
    SLICE_X0Y8           CARRY4 (Prop_carry4_S[0]_O[0])
                                                      0.115     1.921 r  count_reg[24]_i_2/O[0]
                         net (fo=1, routed)           0.000     1.921    data0[21]
    SLICE_X0Y8           FDRE                                         r  count_reg[21]/D
  -------------------------------------------------------------------    -------------------

                         (clock sys_clk_pin rise edge)
                                                      0.000     0.000 r  
    W5                                                0.000     0.000 r  clkin (IN)
                         net (fo=0)                   0.000     0.000    clkin
    W5                   IBUF (Prop_ibuf_I_O)         0.414     0.414 r  clkin_IBUF_inst/O
                         net (fo=1, routed)           0.685     1.099    clkin_IBUF
    BUFGCTRL_X0Y0        BUFG (Prop_bufg_I_O)         0.029     1.128 r  clkin_IBUF_BUFG_inst/O
                         net (fo=26, routed)          0.865     1.992    clkin_IBUF_BUFG
    SLICE_X0Y8           FDRE                                         r  count_reg[21]/C
                         clock pessimism             -0.515     1.477    
    SLICE_X0Y8           FDRE (Hold_fdre_C_D)         0.105     1.582    count_reg[21]
  -------------------------------------------------------------------
                         required time                         -1.582    
                         arrival time                           1.921    
  -------------------------------------------------------------------
                         slack                                  0.339    

Slack (MET) :             0.339ns  (arrival time - required time)
  Source:                 count_reg[5]/C
                            (rising edge-triggered cell FDRE clocked by sys_clk_pin  {rise@0.000ns fall@5.000ns period=10.000ns})
  Destination:            count_reg[5]/D
                            (rising edge-triggered cell FDRE clocked by sys_clk_pin  {rise@0.000ns fall@5.000ns period=10.000ns})
  Path Group:             sys_clk_pin
  Path Type:              Hold (Min at Fast Process Corner)
  Requirement:            0.000ns  (sys_clk_pin rise@0.000ns - sys_clk_pin rise@0.000ns)
  Data Path Delay:        0.444ns  (logic 0.256ns (57.717%)  route 0.188ns (42.283%))
  Logic Levels:           1  (CARRY4=1)
  Clock Path Skew:        0.000ns (DCD - SCD - CPR)
    Destination Clock Delay (DCD):    1.993ns
    Source Clock Delay      (SCD):    1.478ns
    Clock Pessimism Removal (CPR):    0.515ns

    Location             Delay type                Incr(ns)  Path(ns)    Netlist Resource(s)
  -------------------------------------------------------------------    -------------------
                         (clock sys_clk_pin rise edge)
                                                      0.000     0.000 r  
    W5                                                0.000     0.000 r  clkin (IN)
                         net (fo=0)                   0.000     0.000    clkin
    W5                   IBUF (Prop_ibuf_I_O)         0.226     0.226 r  clkin_IBUF_inst/O
                         net (fo=1, routed)           0.631     0.858    clkin_IBUF
    BUFGCTRL_X0Y0        BUFG (Prop_bufg_I_O)         0.026     0.884 r  clkin_IBUF_BUFG_inst/O
                         net (fo=26, routed)          0.595     1.478    clkin_IBUF_BUFG
    SLICE_X0Y4           FDRE                                         r  count_reg[5]/C
  -------------------------------------------------------------------    -------------------
    SLICE_X0Y4           FDRE (Prop_fdre_C_Q)         0.141     1.619 r  count_reg[5]/Q
                         net (fo=2, routed)           0.188     1.807    count_reg_n_0_[5]
    SLICE_X0Y4           CARRY4 (Prop_carry4_S[0]_O[0])
                                                      0.115     1.922 r  count_reg[8]_i_1/O[0]
                         net (fo=1, routed)           0.000     1.922    data0[5]
    SLICE_X0Y4           FDRE                                         r  count_reg[5]/D
  -------------------------------------------------------------------    -------------------

                         (clock sys_clk_pin rise edge)
                                                      0.000     0.000 r  
    W5                                                0.000     0.000 r  clkin (IN)
                         net (fo=0)                   0.000     0.000    clkin
    W5                   IBUF (Prop_ibuf_I_O)         0.414     0.414 r  clkin_IBUF_inst/O
                         net (fo=1, routed)           0.685     1.099    clkin_IBUF
    BUFGCTRL_X0Y0        BUFG (Prop_bufg_I_O)         0.029     1.128 r  clkin_IBUF_BUFG_inst/O
                         net (fo=26, routed)          0.866     1.993    clkin_IBUF_BUFG
    SLICE_X0Y4           FDRE                                         r  count_reg[5]/C
                         clock pessimism             -0.515     1.478    
    SLICE_X0Y4           FDRE (Hold_fdre_C_D)         0.105     1.583    count_reg[5]
  -------------------------------------------------------------------
                         required time                         -1.583    
                         arrival time                           1.922    
  -------------------------------------------------------------------
                         slack                                  0.339    

Slack (MET) :             0.339ns  (arrival time - required time)
  Source:                 count_reg[9]/C
                            (rising edge-triggered cell FDRE clocked by sys_clk_pin  {rise@0.000ns fall@5.000ns period=10.000ns})
  Destination:            count_reg[9]/D
                            (rising edge-triggered cell FDRE clocked by sys_clk_pin  {rise@0.000ns fall@5.000ns period=10.000ns})
  Path Group:             sys_clk_pin
  Path Type:              Hold (Min at Fast Process Corner)
  Requirement:            0.000ns  (sys_clk_pin rise@0.000ns - sys_clk_pin rise@0.000ns)
  Data Path Delay:        0.444ns  (logic 0.256ns (57.717%)  route 0.188ns (42.283%))
  Logic Levels:           1  (CARRY4=1)
  Clock Path Skew:        0.000ns (DCD - SCD - CPR)
    Destination Clock Delay (DCD):    1.993ns
    Source Clock Delay      (SCD):    1.478ns
    Clock Pessimism Removal (CPR):    0.515ns

    Location             Delay type                Incr(ns)  Path(ns)    Netlist Resource(s)
  -------------------------------------------------------------------    -------------------
                         (clock sys_clk_pin rise edge)
                                                      0.000     0.000 r  
    W5                                                0.000     0.000 r  clkin (IN)
                         net (fo=0)                   0.000     0.000    clkin
    W5                   IBUF (Prop_ibuf_I_O)         0.226     0.226 r  clkin_IBUF_inst/O
                         net (fo=1, routed)           0.631     0.858    clkin_IBUF
    BUFGCTRL_X0Y0        BUFG (Prop_bufg_I_O)         0.026     0.884 r  clkin_IBUF_BUFG_inst/O
                         net (fo=26, routed)          0.595     1.478    clkin_IBUF_BUFG
    SLICE_X0Y5           FDRE                                         r  count_reg[9]/C
  -------------------------------------------------------------------    -------------------
    SLICE_X0Y5           FDRE (Prop_fdre_C_Q)         0.141     1.619 r  count_reg[9]/Q
                         net (fo=2, routed)           0.188     1.807    count_reg_n_0_[9]
    SLICE_X0Y5           CARRY4 (Prop_carry4_S[0]_O[0])
                                                      0.115     1.922 r  count_reg[12]_i_1/O[0]
                         net (fo=1, routed)           0.000     1.922    data0[9]
    SLICE_X0Y5           FDRE                                         r  count_reg[9]/D
  -------------------------------------------------------------------    -------------------

                         (clock sys_clk_pin rise edge)
                                                      0.000     0.000 r  
    W5                                                0.000     0.000 r  clkin (IN)
                         net (fo=0)                   0.000     0.000    clkin
    W5                   IBUF (Prop_ibuf_I_O)         0.414     0.414 r  clkin_IBUF_inst/O
                         net (fo=1, routed)           0.685     1.099    clkin_IBUF
    BUFGCTRL_X0Y0        BUFG (Prop_bufg_I_O)         0.029     1.128 r  clkin_IBUF_BUFG_inst/O
                         net (fo=26, routed)          0.866     1.993    clkin_IBUF_BUFG
    SLICE_X0Y5           FDRE                                         r  count_reg[9]/C
                         clock pessimism             -0.515     1.478    
    SLICE_X0Y5           FDRE (Hold_fdre_C_D)         0.105     1.583    count_reg[9]
  -------------------------------------------------------------------
                         required time                         -1.583    
                         arrival time                           1.922    
  -------------------------------------------------------------------
                         slack                                  0.339    

Slack (MET) :             0.371ns  (arrival time - required time)
  Source:                 count_reg[1]/C
                            (rising edge-triggered cell FDRE clocked by sys_clk_pin  {rise@0.000ns fall@5.000ns period=10.000ns})
  Destination:            count_reg[2]/D
                            (rising edge-triggered cell FDRE clocked by sys_clk_pin  {rise@0.000ns fall@5.000ns period=10.000ns})
  Path Group:             sys_clk_pin
  Path Type:              Hold (Min at Fast Process Corner)
  Requirement:            0.000ns  (sys_clk_pin rise@0.000ns - sys_clk_pin rise@0.000ns)
  Data Path Delay:        0.476ns  (logic 0.292ns (61.383%)  route 0.184ns (38.617%))
  Logic Levels:           1  (CARRY4=1)
  Clock Path Skew:        0.000ns (DCD - SCD - CPR)
    Destination Clock Delay (DCD):    1.993ns
    Source Clock Delay      (SCD):    1.478ns
    Clock Pessimism Removal (CPR):    0.515ns

    Location             Delay type                Incr(ns)  Path(ns)    Netlist Resource(s)
  -------------------------------------------------------------------    -------------------
                         (clock sys_clk_pin rise edge)
                                                      0.000     0.000 r  
    W5                                                0.000     0.000 r  clkin (IN)
                         net (fo=0)                   0.000     0.000    clkin
    W5                   IBUF (Prop_ibuf_I_O)         0.226     0.226 r  clkin_IBUF_inst/O
                         net (fo=1, routed)           0.631     0.858    clkin_IBUF
    BUFGCTRL_X0Y0        BUFG (Prop_bufg_I_O)         0.026     0.884 r  clkin_IBUF_BUFG_inst/O
                         net (fo=26, routed)          0.595     1.478    clkin_IBUF_BUFG
    SLICE_X0Y3           FDRE                                         r  count_reg[1]/C
  -------------------------------------------------------------------    -------------------
    SLICE_X0Y3           FDRE (Prop_fdre_C_Q)         0.141     1.619 r  count_reg[1]/Q
                         net (fo=2, routed)           0.184     1.803    count_reg_n_0_[1]
    SLICE_X0Y3           CARRY4 (Prop_carry4_S[0]_O[1])
                                                      0.151     1.954 r  count_reg[4]_i_1/O[1]
                         net (fo=1, routed)           0.000     1.954    data0[2]
    SLICE_X0Y3           FDRE                                         r  count_reg[2]/D
  -------------------------------------------------------------------    -------------------

                         (clock sys_clk_pin rise edge)
                                                      0.000     0.000 r  
    W5                                                0.000     0.000 r  clkin (IN)
                         net (fo=0)                   0.000     0.000    clkin
    W5                   IBUF (Prop_ibuf_I_O)         0.414     0.414 r  clkin_IBUF_inst/O
                         net (fo=1, routed)           0.685     1.099    clkin_IBUF
    BUFGCTRL_X0Y0        BUFG (Prop_bufg_I_O)         0.029     1.128 r  clkin_IBUF_BUFG_inst/O
                         net (fo=26, routed)          0.866     1.993    clkin_IBUF_BUFG
    SLICE_X0Y3           FDRE                                         r  count_reg[2]/C
                         clock pessimism             -0.515     1.478    
    SLICE_X0Y3           FDRE (Hold_fdre_C_D)         0.105     1.583    count_reg[2]
  -------------------------------------------------------------------
                         required time                         -1.583    
                         arrival time                           1.954    
  -------------------------------------------------------------------
                         slack                                  0.371    

Slack (MET) :             0.375ns  (arrival time - required time)
  Source:                 count_reg[9]/C
                            (rising edge-triggered cell FDRE clocked by sys_clk_pin  {rise@0.000ns fall@5.000ns period=10.000ns})
  Destination:            count_reg[10]/D
                            (rising edge-triggered cell FDRE clocked by sys_clk_pin  {rise@0.000ns fall@5.000ns period=10.000ns})
  Path Group:             sys_clk_pin
  Path Type:              Hold (Min at Fast Process Corner)
  Requirement:            0.000ns  (sys_clk_pin rise@0.000ns - sys_clk_pin rise@0.000ns)
  Data Path Delay:        0.480ns  (logic 0.292ns (60.891%)  route 0.188ns (39.109%))
  Logic Levels:           1  (CARRY4=1)
  Clock Path Skew:        0.000ns (DCD - SCD - CPR)
    Destination Clock Delay (DCD):    1.993ns
    Source Clock Delay      (SCD):    1.478ns
    Clock Pessimism Removal (CPR):    0.515ns

    Location             Delay type                Incr(ns)  Path(ns)    Netlist Resource(s)
  -------------------------------------------------------------------    -------------------
                         (clock sys_clk_pin rise edge)
                                                      0.000     0.000 r  
    W5                                                0.000     0.000 r  clkin (IN)
                         net (fo=0)                   0.000     0.000    clkin
    W5                   IBUF (Prop_ibuf_I_O)         0.226     0.226 r  clkin_IBUF_inst/O
                         net (fo=1, routed)           0.631     0.858    clkin_IBUF
    BUFGCTRL_X0Y0        BUFG (Prop_bufg_I_O)         0.026     0.884 r  clkin_IBUF_BUFG_inst/O
                         net (fo=26, routed)          0.595     1.478    clkin_IBUF_BUFG
    SLICE_X0Y5           FDRE                                         r  count_reg[9]/C
  -------------------------------------------------------------------    -------------------
    SLICE_X0Y5           FDRE (Prop_fdre_C_Q)         0.141     1.619 r  count_reg[9]/Q
                         net (fo=2, routed)           0.188     1.807    count_reg_n_0_[9]
    SLICE_X0Y5           CARRY4 (Prop_carry4_S[0]_O[1])
                                                      0.151     1.958 r  count_reg[12]_i_1/O[1]
                         net (fo=1, routed)           0.000     1.958    data0[10]
    SLICE_X0Y5           FDRE                                         r  count_reg[10]/D
  -------------------------------------------------------------------    -------------------

                         (clock sys_clk_pin rise edge)
                                                      0.000     0.000 r  
    W5                                                0.000     0.000 r  clkin (IN)
                         net (fo=0)                   0.000     0.000    clkin
    W5                   IBUF (Prop_ibuf_I_O)         0.414     0.414 r  clkin_IBUF_inst/O
                         net (fo=1, routed)           0.685     1.099    clkin_IBUF
    BUFGCTRL_X0Y0        BUFG (Prop_bufg_I_O)         0.029     1.128 r  clkin_IBUF_BUFG_inst/O
                         net (fo=26, routed)          0.866     1.993    clkin_IBUF_BUFG
    SLICE_X0Y5           FDRE                                         r  count_reg[10]/C
                         clock pessimism             -0.515     1.478    
    SLICE_X0Y5           FDRE (Hold_fdre_C_D)         0.105     1.583    count_reg[10]
  -------------------------------------------------------------------
                         required time                         -1.583    
                         arrival time                           1.958    
  -------------------------------------------------------------------
                         slack                                  0.375    

Slack (MET) :             0.375ns  (arrival time - required time)
  Source:                 count_reg[13]/C
                            (rising edge-triggered cell FDRE clocked by sys_clk_pin  {rise@0.000ns fall@5.000ns period=10.000ns})
  Destination:            count_reg[14]/D
                            (rising edge-triggered cell FDRE clocked by sys_clk_pin  {rise@0.000ns fall@5.000ns period=10.000ns})
  Path Group:             sys_clk_pin
  Path Type:              Hold (Min at Fast Process Corner)
  Requirement:            0.000ns  (sys_clk_pin rise@0.000ns - sys_clk_pin rise@0.000ns)
  Data Path Delay:        0.480ns  (logic 0.292ns (60.891%)  route 0.188ns (39.109%))
  Logic Levels:           1  (CARRY4=1)
  Clock Path Skew:        0.000ns (DCD - SCD - CPR)
    Destination Clock Delay (DCD):    1.993ns
    Source Clock Delay      (SCD):    1.478ns
    Clock Pessimism Removal (CPR):    0.515ns

    Location             Delay type                Incr(ns)  Path(ns)    Netlist Resource(s)
  -------------------------------------------------------------------    -------------------
                         (clock sys_clk_pin rise edge)
                                                      0.000     0.000 r  
    W5                                                0.000     0.000 r  clkin (IN)
                         net (fo=0)                   0.000     0.000    clkin
    W5                   IBUF (Prop_ibuf_I_O)         0.226     0.226 r  clkin_IBUF_inst/O
                         net (fo=1, routed)           0.631     0.858    clkin_IBUF
    BUFGCTRL_X0Y0        BUFG (Prop_bufg_I_O)         0.026     0.884 r  clkin_IBUF_BUFG_inst/O
                         net (fo=26, routed)          0.595     1.478    clkin_IBUF_BUFG
    SLICE_X0Y6           FDRE                                         r  count_reg[13]/C
  -------------------------------------------------------------------    -------------------
    SLICE_X0Y6           FDRE (Prop_fdre_C_Q)         0.141     1.619 r  count_reg[13]/Q
                         net (fo=2, routed)           0.188     1.807    count_reg_n_0_[13]
    SLICE_X0Y6           CARRY4 (Prop_carry4_S[0]_O[1])
                                                      0.151     1.958 r  count_reg[16]_i_1/O[1]
                         net (fo=1, routed)           0.000     1.958    data0[14]
    SLICE_X0Y6           FDRE                                         r  count_reg[14]/D
  -------------------------------------------------------------------    -------------------

                         (clock sys_clk_pin rise edge)
                                                      0.000     0.000 r  
    W5                                                0.000     0.000 r  clkin (IN)
                         net (fo=0)                   0.000     0.000    clkin
    W5                   IBUF (Prop_ibuf_I_O)         0.414     0.414 r  clkin_IBUF_inst/O
                         net (fo=1, routed)           0.685     1.099    clkin_IBUF
    BUFGCTRL_X0Y0        BUFG (Prop_bufg_I_O)         0.029     1.128 r  clkin_IBUF_BUFG_inst/O
                         net (fo=26, routed)          0.866     1.993    clkin_IBUF_BUFG
    SLICE_X0Y6           FDRE                                         r  count_reg[14]/C
                         clock pessimism             -0.515     1.478    
    SLICE_X0Y6           FDRE (Hold_fdre_C_D)         0.105     1.583    count_reg[14]
  -------------------------------------------------------------------
                         required time                         -1.583    
                         arrival time                           1.958    
  -------------------------------------------------------------------
                         slack                                  0.375    

Slack (MET) :             0.375ns  (arrival time - required time)
  Source:                 count_reg[17]/C
                            (rising edge-triggered cell FDRE clocked by sys_clk_pin  {rise@0.000ns fall@5.000ns period=10.000ns})
  Destination:            count_reg[18]/D
                            (rising edge-triggered cell FDRE clocked by sys_clk_pin  {rise@0.000ns fall@5.000ns period=10.000ns})
  Path Group:             sys_clk_pin
  Path Type:              Hold (Min at Fast Process Corner)
  Requirement:            0.000ns  (sys_clk_pin rise@0.000ns - sys_clk_pin rise@0.000ns)
  Data Path Delay:        0.480ns  (logic 0.292ns (60.891%)  route 0.188ns (39.109%))
  Logic Levels:           1  (CARRY4=1)
  Clock Path Skew:        0.000ns (DCD - SCD - CPR)
    Destination Clock Delay (DCD):    1.992ns
    Source Clock Delay      (SCD):    1.477ns
    Clock Pessimism Removal (CPR):    0.515ns

    Location             Delay type                Incr(ns)  Path(ns)    Netlist Resource(s)
  -------------------------------------------------------------------    -------------------
                         (clock sys_clk_pin rise edge)
                                                      0.000     0.000 r  
    W5                                                0.000     0.000 r  clkin (IN)
                         net (fo=0)                   0.000     0.000    clkin
    W5                   IBUF (Prop_ibuf_I_O)         0.226     0.226 r  clkin_IBUF_inst/O
                         net (fo=1, routed)           0.631     0.858    clkin_IBUF
    BUFGCTRL_X0Y0        BUFG (Prop_bufg_I_O)         0.026     0.884 r  clkin_IBUF_BUFG_inst/O
                         net (fo=26, routed)          0.594     1.477    clkin_IBUF_BUFG
    SLICE_X0Y7           FDRE                                         r  count_reg[17]/C
  -------------------------------------------------------------------    -------------------
    SLICE_X0Y7           FDRE (Prop_fdre_C_Q)         0.141     1.618 r  count_reg[17]/Q
                         net (fo=2, routed)           0.188     1.806    count_reg_n_0_[17]
    SLICE_X0Y7           CARRY4 (Prop_carry4_S[0]_O[1])
                                                      0.151     1.957 r  count_reg[20]_i_1/O[1]
                         net (fo=1, routed)           0.000     1.957    data0[18]
    SLICE_X0Y7           FDRE                                         r  count_reg[18]/D
  -------------------------------------------------------------------    -------------------

                         (clock sys_clk_pin rise edge)
                                                      0.000     0.000 r  
    W5                                                0.000     0.000 r  clkin (IN)
                         net (fo=0)                   0.000     0.000    clkin
    W5                   IBUF (Prop_ibuf_I_O)         0.414     0.414 r  clkin_IBUF_inst/O
                         net (fo=1, routed)           0.685     1.099    clkin_IBUF
    BUFGCTRL_X0Y0        BUFG (Prop_bufg_I_O)         0.029     1.128 r  clkin_IBUF_BUFG_inst/O
                         net (fo=26, routed)          0.865     1.992    clkin_IBUF_BUFG
    SLICE_X0Y7           FDRE                                         r  count_reg[18]/C
                         clock pessimism             -0.515     1.477    
    SLICE_X0Y7           FDRE (Hold_fdre_C_D)         0.105     1.582    count_reg[18]
  -------------------------------------------------------------------
                         required time                         -1.582    
                         arrival time                           1.957    
  -------------------------------------------------------------------
                         slack                                  0.375    





Pulse Width Checks
--------------------------------------------------------------------------------------
Clock Name:         sys_clk_pin
Waveform(ns):       { 0.000 5.000 }
Period(ns):         10.000
Sources:            { clkin }

Check Type        Corner  Lib Pin  Reference Pin  Required(ns)  Actual(ns)  Slack(ns)  Location       Pin
Min Period        n/a     BUFG/I   n/a            2.155         10.000      7.845      BUFGCTRL_X0Y0  clkin_IBUF_BUFG_inst/I
Min Period        n/a     FDRE/C   n/a            1.000         10.000      9.000      SLICE_X1Y3     clkout_reg/C
Min Period        n/a     FDRE/C   n/a            1.000         10.000      9.000      SLICE_X1Y3     count_reg[0]/C
Min Period        n/a     FDRE/C   n/a            1.000         10.000      9.000      SLICE_X0Y5     count_reg[10]/C
Min Period        n/a     FDRE/C   n/a            1.000         10.000      9.000      SLICE_X0Y5     count_reg[11]/C
Min Period        n/a     FDRE/C   n/a            1.000         10.000      9.000      SLICE_X0Y5     count_reg[12]/C
Min Period        n/a     FDRE/C   n/a            1.000         10.000      9.000      SLICE_X0Y6     count_reg[13]/C
Min Period        n/a     FDRE/C   n/a            1.000         10.000      9.000      SLICE_X0Y6     count_reg[14]/C
Min Period        n/a     FDRE/C   n/a            1.000         10.000      9.000      SLICE_X0Y6     count_reg[15]/C
Min Period        n/a     FDRE/C   n/a            1.000         10.000      9.000      SLICE_X0Y6     count_reg[16]/C
Low Pulse Width   Slow    FDRE/C   n/a            0.500         5.000       4.500      SLICE_X1Y3     clkout_reg/C
Low Pulse Width   Fast    FDRE/C   n/a            0.500         5.000       4.500      SLICE_X1Y3     clkout_reg/C
Low Pulse Width   Slow    FDRE/C   n/a            0.500         5.000       4.500      SLICE_X1Y3     count_reg[0]/C
Low Pulse Width   Fast    FDRE/C   n/a            0.500         5.000       4.500      SLICE_X1Y3     count_reg[0]/C
Low Pulse Width   Slow    FDRE/C   n/a            0.500         5.000       4.500      SLICE_X0Y5     count_reg[10]/C
Low Pulse Width   Fast    FDRE/C   n/a            0.500         5.000       4.500      SLICE_X0Y5     count_reg[10]/C
Low Pulse Width   Slow    FDRE/C   n/a            0.500         5.000       4.500      SLICE_X0Y5     count_reg[11]/C
Low Pulse Width   Fast    FDRE/C   n/a            0.500         5.000       4.500      SLICE_X0Y5     count_reg[11]/C
Low Pulse Width   Slow    FDRE/C   n/a            0.500         5.000       4.500      SLICE_X0Y5     count_reg[12]/C
Low Pulse Width   Fast    FDRE/C   n/a            0.500         5.000       4.500      SLICE_X0Y5     count_reg[12]/C
High Pulse Width  Slow    FDRE/C   n/a            0.500         5.000       4.500      SLICE_X1Y3     clkout_reg/C
High Pulse Width  Fast    FDRE/C   n/a            0.500         5.000       4.500      SLICE_X1Y3     clkout_reg/C
High Pulse Width  Slow    FDRE/C   n/a            0.500         5.000       4.500      SLICE_X1Y3     count_reg[0]/C
High Pulse Width  Fast    FDRE/C   n/a            0.500         5.000       4.500      SLICE_X1Y3     count_reg[0]/C
High Pulse Width  Slow    FDRE/C   n/a            0.500         5.000       4.500      SLICE_X0Y5     count_reg[10]/C
High Pulse Width  Fast    FDRE/C   n/a            0.500         5.000       4.500      SLICE_X0Y5     count_reg[10]/C
High Pulse Width  Slow    FDRE/C   n/a            0.500         5.000       4.500      SLICE_X0Y5     count_reg[11]/C
High Pulse Width  Fast    FDRE/C   n/a            0.500         5.000       4.500      SLICE_X0Y5     count_reg[11]/C
High Pulse Width  Slow    FDRE/C   n/a            0.500         5.000       4.500      SLICE_X0Y5     count_reg[12]/C
High Pulse Width  Fast    FDRE/C   n/a            0.500         5.000       4.500      SLICE_X0Y5     count_reg[12]/C



